
CommandNotFoundError: Your shell has not been properly configured to use 'conda deactivate'.
To initialize your shell, run

    $ conda init <SHELL_NAME>

Currently supported shells are:
  - bash
  - fish
  - tcsh
  - xonsh
  - zsh
  - powershell

See 'conda init --help' for more information and options.

IMPORTANT: You may need to close and restart your shell after running 'conda init'.


Traceback (most recent call last):
  File "/gpfs/loomis/project/lederman/dge5/conda_envs/cryodrgn_rotations/bin/cryodrgn", line 33, in <module>
    sys.exit(load_entry_point('cryodrgn==1.0.0b0', 'console_scripts', 'cryodrgn')())
  File "/gpfs/loomis/project/lederman/dge5/conda_envs/cryodrgn_rotations/lib/python3.7/site-packages/cryodrgn-1.0.0b0-py3.7.egg/cryodrgn/__main__.py", line 58, in main
    args.func(args)
  File "/gpfs/loomis/project/lederman/dge5/conda_envs/cryodrgn_rotations/lib/python3.7/site-packages/cryodrgn-1.0.0b0-py3.7.egg/cryodrgn/commands/train_vae.py", line 540, in main
    loss, gen_loss, kld = train_batch(model, lattice, y, yt, zmu, zvar, rot, tran, optim, zoptim, beta, args.beta_control, tilt, ctf_params=ctf_param, yr=yr, use_amp=args.amp, scaler=scaler)
NameError: name 'zoptim' is not defined
