
CommandNotFoundError: Your shell has not been properly configured to use 'conda deactivate'.
To initialize your shell, run

    $ conda init <SHELL_NAME>

Currently supported shells are:
  - bash
  - fish
  - tcsh
  - xonsh
  - zsh
  - powershell

See 'conda init --help' for more information and options.

IMPORTANT: You may need to close and restart your shell after running 'conda init'.


Traceback (most recent call last):
  File "/gpfs/loomis/project/lederman/dge5/conda_envs/cryodrgn_rotations/bin/cryodrgn", line 33, in <module>
    sys.exit(load_entry_point('cryodrgn==1.0.0b0', 'console_scripts', 'cryodrgn')())
  File "/gpfs/loomis/project/lederman/dge5/conda_envs/cryodrgn_rotations/lib/python3.7/site-packages/cryodrgn-1.0.0b0-py3.7.egg/cryodrgn/__main__.py", line 58, in main
    args.func(args)
  File "/gpfs/loomis/project/lederman/dge5/conda_envs/cryodrgn_rotations/lib/python3.7/site-packages/cryodrgn-1.0.0b0-py3.7.egg/cryodrgn/commands/train_vae.py", line 513, in main
    print(ztracker.get_zval(0))
  File "/gpfs/loomis/project/lederman/dge5/conda_envs/cryodrgn_rotations/lib/python3.7/site-packages/cryodrgn-1.0.0b0-py3.7.egg/cryodrgn/z_train.py", line 24, in get_zval
    zmu_val = self.zmu_embed(ind)
  File "/gpfs/loomis/project/lederman/dge5/conda_envs/cryodrgn_rotations/lib/python3.7/site-packages/torch/nn/modules/module.py", line 889, in _call_impl
    result = self.forward(*input, **kwargs)
  File "/gpfs/loomis/project/lederman/dge5/conda_envs/cryodrgn_rotations/lib/python3.7/site-packages/torch/nn/modules/sparse.py", line 147, in forward
    self.norm_type, self.scale_grad_by_freq, self.sparse)
  File "/gpfs/loomis/project/lederman/dge5/conda_envs/cryodrgn_rotations/lib/python3.7/site-packages/torch/nn/functional.py", line 1913, in embedding
    return torch.embedding(weight, input, padding_idx, scale_grad_by_freq, sparse)
TypeError: embedding(): argument 'indices' (position 2) must be Tensor, not int
